Starting CAP Project Generator...
Using @sap/cds-dk [9.9.1] from /extbin/globals/bun/global/install/node_modules/@sap/cds-dk
Using @sap/generator-cap-project [2.0.6] from [/extbin/globals/bun/global/install/node_modules/@sap/generator-cap-project]
Using root path [/home/user/projects]

Creating project with connectivity, destination, hana, html5-repo, mta, nodejs

Adding facet: nodejs
Adding facet: mta
Adding facet: hana
Adding facet: connectivity
Adding facet: destination
Adding facet: html5-repo

Successfully initialized CAP project
Continue with: code CapmProject 


Installing dependencies...

added 256 packages, and audited 257 packages in 8s

39 packages are looking for funding
  run `npm fund` for details

1 moderate severity vulnerability

To address all issues, run:
  npm audit fix

Run `npm audit` for details.

Finished installing dependencies

Done setting up project CapmProject
Project is ready to use

